ERROR: 2023/08/26 11:15:36 E:/Documents/gitlab/internal-projects/ffcc/backend-ccff/pkg/reniec/dni/storage.go:23: el motor de base de datos no está implementado. sqlserver
ERROR: 2023/08/26 11:16:57 E:/Documents/gitlab/internal-projects/ffcc/backend-ccff/pkg/reniec/dni/storage.go:23: el motor de base de datos no está implementado. sqlserver
ERROR: 2023/08/26 11:16:58 E:/Documents/gitlab/internal-projects/ffcc/backend-ccff/pkg/reniec/dni/application_service.go:43: respuesta servicio no exitosa:  404
ERROR: 2023/08/26 11:17:04 E:/Documents/gitlab/internal-projects/ffcc/backend-ccff/pkg/reniec/dni/storage.go:23: el motor de base de datos no está implementado. sqlserver
ERROR: 2023/08/26 11:17:04 E:/Documents/gitlab/internal-projects/ffcc/backend-ccff/pkg/reniec/dni/application_service.go:43: respuesta servicio no exitosa:  404
ERROR: 2023/08/26 11:17:11 E:/Documents/gitlab/internal-projects/ffcc/backend-ccff/pkg/reniec/dni/storage.go:23: el motor de base de datos no está implementado. sqlserver
ERROR: 2023/08/28 15:53:43 E:/Documents/gitlab/internal-projects/ffcc/backend-ccff/api/handler/users/handler.go:53: Couldn't insert suffragers: lookup system_ccff.mssql.somee.com: no such host
ERROR: 2023/08/28 15:54:47 E:/Documents/gitlab/internal-projects/ffcc/backend-ccff/api/handler/users/handler.go:53: Couldn't insert suffragers: lookup system_ccff.mssql.somee.com: no such host
ERROR: 2023/08/28 15:55:05 E:/Documents/gitlab/internal-projects/ffcc/backend-ccff/internal/dbx/dbx.go:37: couldn't connect to database: lookup system_ccff.mssql.somee.com: no such host
ERROR: 2023/08/28 16:09:36 E:/Documents/gitlab/internal-projects/ffcc/backend-ccff/pkg/auth/roles/repository_sqlserver.go:206: a6f35f33-4d56-429d-9b8b-ac04a8c7c651%!(EXTRA string= - couldn't execute GetRolesByQueueId auth.roles: %v, mssql.Error=mssql: Incorrect syntax near the keyword 'convert'.)
ERROR: 2023/08/28 16:09:36 E:/Documents/gitlab/internal-projects/ffcc/backend-ccff/pkg/auth/roles/application_service.go:126: a6f35f33-4d56-429d-9b8b-ac04a8c7c651  - couldn't GetRoleByName row: mssql: Incorrect syntax near the keyword 'convert'.
ERROR: 2023/08/28 16:09:36 E:/Documents/gitlab/internal-projects/ffcc/backend-ccff/api/handler/roles/handler.go:189: Couldn't insert GetRoleByName: mssql: Incorrect syntax near the keyword 'convert'.
ERROR: 2023/08/28 16:09:37 E:/Documents/gitlab/internal-projects/ffcc/backend-ccff/pkg/auth/roles/repository_sqlserver.go:206: a6f35f33-4d56-429d-9b8b-ac04a8c7c651%!(EXTRA string= - couldn't execute GetRolesByQueueId auth.roles: %v, mssql.Error=mssql: Incorrect syntax near the keyword 'convert'.)
ERROR: 2023/08/28 16:09:37 E:/Documents/gitlab/internal-projects/ffcc/backend-ccff/pkg/auth/roles/application_service.go:126: a6f35f33-4d56-429d-9b8b-ac04a8c7c651  - couldn't GetRoleByName row: mssql: Incorrect syntax near the keyword 'convert'.
ERROR: 2023/08/28 16:09:37 E:/Documents/gitlab/internal-projects/ffcc/backend-ccff/api/handler/roles/handler.go:189: Couldn't insert GetRoleByName: mssql: Incorrect syntax near the keyword 'convert'.
ERROR: 2023/08/28 16:09:46 E:/Documents/gitlab/internal-projects/ffcc/backend-ccff/pkg/auth/roles/repository_sqlserver.go:206: a6f35f33-4d56-429d-9b8b-ac04a8c7c651%!(EXTRA string= - couldn't execute GetRolesByQueueId auth.roles: %v, mssql.Error=mssql: Incorrect syntax near the keyword 'convert'.)
ERROR: 2023/08/28 16:09:46 E:/Documents/gitlab/internal-projects/ffcc/backend-ccff/pkg/auth/roles/application_service.go:126: a6f35f33-4d56-429d-9b8b-ac04a8c7c651  - couldn't GetRoleByName row: mssql: Incorrect syntax near the keyword 'convert'.
ERROR: 2023/08/28 16:09:46 E:/Documents/gitlab/internal-projects/ffcc/backend-ccff/api/handler/roles/handler.go:189: Couldn't insert GetRoleByName: mssql: Incorrect syntax near the keyword 'convert'.
ERROR: 2023/08/28 16:09:48 E:/Documents/gitlab/internal-projects/ffcc/backend-ccff/pkg/auth/roles/repository_sqlserver.go:206: a6f35f33-4d56-429d-9b8b-ac04a8c7c651%!(EXTRA string= - couldn't execute GetRolesByQueueId auth.roles: %v, mssql.Error=mssql: Incorrect syntax near the keyword 'convert'.)
ERROR: 2023/08/28 16:09:48 E:/Documents/gitlab/internal-projects/ffcc/backend-ccff/pkg/auth/roles/application_service.go:126: a6f35f33-4d56-429d-9b8b-ac04a8c7c651  - couldn't GetRoleByName row: mssql: Incorrect syntax near the keyword 'convert'.
ERROR: 2023/08/28 16:09:48 E:/Documents/gitlab/internal-projects/ffcc/backend-ccff/api/handler/roles/handler.go:189: Couldn't insert GetRoleByName: mssql: Incorrect syntax near the keyword 'convert'.
ERROR: 2023/08/28 16:09:49 E:/Documents/gitlab/internal-projects/ffcc/backend-ccff/pkg/auth/roles/repository_sqlserver.go:206: a6f35f33-4d56-429d-9b8b-ac04a8c7c651%!(EXTRA string= - couldn't execute GetRolesByQueueId auth.roles: %v, mssql.Error=mssql: Incorrect syntax near the keyword 'convert'.)
ERROR: 2023/08/28 16:09:49 E:/Documents/gitlab/internal-projects/ffcc/backend-ccff/pkg/auth/roles/application_service.go:126: a6f35f33-4d56-429d-9b8b-ac04a8c7c651  - couldn't GetRoleByName row: mssql: Incorrect syntax near the keyword 'convert'.
ERROR: 2023/08/28 16:09:49 E:/Documents/gitlab/internal-projects/ffcc/backend-ccff/api/handler/roles/handler.go:189: Couldn't insert GetRoleByName: mssql: Incorrect syntax near the keyword 'convert'.
ERROR: 2023/08/28 16:15:14 E:/Documents/gitlab/internal-projects/ffcc/backend-ccff/pkg/auth/roles/repository_sqlserver.go:206: a6f35f33-4d56-429d-9b8b-ac04a8c7c651%!(EXTRA string= - couldn't execute GetRolesByQueueId auth.roles: %v, mssql.Error=mssql: Incorrect syntax near the keyword 'convert'.)
ERROR: 2023/08/28 16:15:27 E:/Documents/gitlab/internal-projects/ffcc/backend-ccff/pkg/auth/roles/application_service.go:126: a6f35f33-4d56-429d-9b8b-ac04a8c7c651  - couldn't GetRoleByName row: mssql: Incorrect syntax near the keyword 'convert'.
ERROR: 2023/08/28 16:15:27 E:/Documents/gitlab/internal-projects/ffcc/backend-ccff/api/handler/roles/handler.go:189: Couldn't insert GetRoleByName: mssql: Incorrect syntax near the keyword 'convert'.
ERROR: 2023/08/31 16:35:46 G:/CFF_PROJECT/backend-ccff/pkg/reniec/dni/storage.go:23: el motor de base de datos no está implementado. sqlserver
ERROR: 2023/08/31 20:16:05 G:/CFF_PROJECT/backend-ccff/pkg/auth/modules/repository_sqlserver.go:120: 380fa06d-d182-4767-909c-574a0039e6a6%!(EXTRA string= - couldn't execute GetModulesByRoles auth.modules: %v, *net.OpError=read tcp 192.168.80.87:51437->155.254.244.32:1433: wsarecv: Se produjo un error durante el intento de conexión ya que la parte conectada no respondió adecuadamente tras un periodo de tiempo, o bien se produjo un error en la conexión establecida ya que el host conectado no ha podido responder.)
ERROR: 2023/08/31 20:16:06 G:/CFF_PROJECT/backend-ccff/api/handler/modules/handler.go:46: Couldn't insert suffragers: read tcp 192.168.80.87:51437->155.254.244.32:1433: wsarecv: Se produjo un error durante el intento de conexión ya que la parte conectada no respondió adecuadamente tras un periodo de tiempo, o bien se produjo un error en la conexión establecida ya que el host conectado no ha podido responder.
ERROR: 2023/08/31 20:18:54 G:/CFF_PROJECT/backend-ccff/api/handler/users/handler.go:53: Couldn't insert suffragers: unable to open tcp connection with host 'system_ccff.mssql.somee.com:1433': dial tcp 155.254.244.32:1433: i/o timeout
ERROR: 2023/08/31 20:20:28 G:/CFF_PROJECT/backend-ccff/pkg/reniec/dni/storage.go:23: el motor de base de datos no está implementado. sqlserver
ERROR: 2023/08/31 20:23:08 G:/CFF_PROJECT/backend-ccff/pkg/reniec/dni/storage.go:23: el motor de base de datos no está implementado. sqlserver
ERROR: 2023/09/28 15:16:34 G:/CFF_PROJECT/backend-ccff/api/handler/users/handler.go:53: Couldn't insert suffragers: read tcp 192.168.1.120:52232->155.254.244.32:1433: wsarecv: Se produjo un error durante el intento de conexión ya que la parte conectada no respondió adecuadamente tras un periodo de tiempo, o bien se produjo un error en la conexión establecida ya que el host conectado no ha podido responder.
ERROR: 2023/09/28 16:26:20 G:/CFF_PROJECT/backend-ccff/pkg/reniec/dni/storage.go:23: el motor de base de datos no está implementado. sqlserver
ERROR: 2023/10/01 12:51:10 G:/CFF_PROJECT/backend-ccff/pkg/auth/roles/application_service.go:33: e9c5fe67-d6e3-4bd1-b996-b65d3332839b  - don't meet validations: description: non zero value required;name: non zero value required
ERROR: 2023/10/01 12:51:11 G:/CFF_PROJECT/backend-ccff/api/handler/roles/handler.go:47: Couldn't insert CreateRoles: description: non zero value required;name: non zero value required
ERROR: 2023/10/01 12:55:46 G:/CFF_PROJECT/backend-ccff/pkg/reniec/dni/storage.go:23: el motor de base de datos no está implementado. sqlserver
ERROR: 2024/01/08 02:14:54 G:/CFF_PROJECT/backend-ccff/pkg/auth/roles/application_service.go:33: 13d4710c-d6de-4f84-99d5-875d81d4bf11  - don't meet validations: description: non zero value required;name: non zero value required
ERROR: 2024/01/08 02:14:54 G:/CFF_PROJECT/backend-ccff/api/handler/roles/handler.go:47: Couldn't insert CreateRoles: description: non zero value required;name: non zero value required
ERROR: 2024/01/08 02:47:52 G:/CFF_PROJECT/backend-ccff/api/handler/events/handler.go:46: couldn't bind model BodyParser: parsing time "" as "2006-01-02T15:04:05Z07:00": cannot parse "" as "2006"
ERROR: 2024/01/08 02:47:53 G:/CFF_PROJECT/backend-ccff/api/handler/events/handler.go:46: couldn't bind model BodyParser: parsing time "" as "2006-01-02T15:04:05Z07:00": cannot parse "" as "2006"
ERROR: 2024/01/08 02:47:53 G:/CFF_PROJECT/backend-ccff/api/handler/events/handler.go:46: couldn't bind model BodyParser: parsing time "" as "2006-01-02T15:04:05Z07:00": cannot parse "" as "2006"
ERROR: 2024/01/08 02:47:54 G:/CFF_PROJECT/backend-ccff/api/handler/events/handler.go:46: couldn't bind model BodyParser: parsing time "" as "2006-01-02T15:04:05Z07:00": cannot parse "" as "2006"
ERROR: 2024/01/08 09:26:12 G:/CFF_PROJECT/backend-ccff/internal/dbx/dbx.go:37: couldn't connect to database: lookup system_ccff.mssql.somee.com: no such host
ERROR: 2024/01/08 09:26:41 G:/CFF_PROJECT/backend-ccff/internal/dbx/dbx.go:37: couldn't connect to database: lookup system_ccff.mssql.somee.com: no such host
ERROR: 2024/01/08 09:27:47 G:/CFF_PROJECT/backend-ccff/internal/dbx/dbx.go:37: couldn't connect to database: lookup system_ccff.mssql.somee.com: no such host
ERROR: 2024/01/08 09:29:01 G:/CFF_PROJECT/backend-ccff/internal/dbx/dbx.go:37: couldn't connect to database: lookup system_ccff.mssql.somee.com: no such host
